2023-06-26 21:31:20 2023-06-26 19:31:20.737:INFO::main: Logging initialized @120ms to org.eclipse.jetty.util.log.StdErrLog
2023-06-26 21:31:20 WARNING: jetty-runner is deprecated.
2023-06-26 21:31:20          See Jetty Documentation for startup options
2023-06-26 21:31:20          https://www.eclipse.org/jetty/documentation/
2023-06-26 21:31:20 2023-06-26 19:31:20.742:INFO:oejr.Runner:main: Runner
2023-06-26 21:31:20 2023-06-26 19:31:20.821:INFO:oejs.Server:main: jetty-9.4.35.v20201120; built: 2020-11-20T21:17:03.964Z; git: bdc54f03a5e0a7e280fab27f55c3c75ee8da89fb; jvm 1.8.0_212-b04
2023-06-26 21:31:21 2023-06-26 19:31:21.772:INFO:oejs.session:main: DefaultSessionIdManager workerName=node0
2023-06-26 21:31:21 2023-06-26 19:31:21.772:INFO:oejs.session:main: No SessionScavenger set, using defaults
2023-06-26 21:31:21 2023-06-26 19:31:21.774:INFO:oejs.session:main: node0 Scavenging every 660000ms
2023-06-26 21:31:21 2023-06-26 19:31:21.782:INFO:oejshC.ROOT:main: Initializing Spring root WebApplicationContext
2023-06-26 21:31:23 Jun 26, 2023 7:31:23 PM com.hazelcast.instance.AddressPicker
2023-06-26 21:31:23 INFO: [LOCAL] [dev] [5.0.2] Interfaces is disabled, trying to pick one address from TCP-IP config addresses: [127.0.0.1]
2023-06-26 21:31:23 Jun 26, 2023 7:31:23 PM com.hazelcast.system.logo
2023-06-26 21:31:23 INFO: [127.0.0.1]:5903 [dev] [5.0.2] 
2023-06-26 21:31:23 +       +  o    o     o     o---o o----o o      o---o     o     o----o o--o--o
2023-06-26 21:31:23 + +   + +  |    |    / \       /  |      |     /         / \    |         |   
2023-06-26 21:31:23 + + + + +  o----o   o   o     o   o----o |    o         o   o   o----o    |   
2023-06-26 21:31:23 + +   + +  |    |  /     \   /    |      |     \       /     \       |    |   
2023-06-26 21:31:23 +       +  o    o o       o o---o o----o o----o o---o o       o o----o    o   
2023-06-26 21:31:23 Jun 26, 2023 7:31:23 PM com.hazelcast.system
2023-06-26 21:31:23 INFO: [127.0.0.1]:5903 [dev] [5.0.2] Copyright (c) 2008-2021, Hazelcast, Inc. All Rights Reserved.
2023-06-26 21:31:23 Jun 26, 2023 7:31:23 PM com.hazelcast.system
2023-06-26 21:31:23 INFO: [127.0.0.1]:5903 [dev] [5.0.2] Hazelcast Platform 5.0.2 (20211221 - 18eec9f) starting at [127.0.0.1]:5903
2023-06-26 21:31:23 Jun 26, 2023 7:31:23 PM com.hazelcast.system
2023-06-26 21:31:23 INFO: [127.0.0.1]:5903 [dev] [5.0.2] Cluster name: dev
2023-06-26 21:31:23 Jun 26, 2023 7:31:23 PM com.hazelcast.system
2023-06-26 21:31:23 INFO: [127.0.0.1]:5903 [dev] [5.0.2] The Jet engine is disabled.
2023-06-26 21:31:23 To enable the Jet engine on the members, please do one of the following:
2023-06-26 21:31:23   - Change member config using Java API: config.getJetConfig().setEnabled(true);
2023-06-26 21:31:23   - Change XML/YAML configuration property: Set hazelcast.jet.enabled to true
2023-06-26 21:31:23   - Add system property: -Dhz.jet.enabled=true
2023-06-26 21:31:23   - Add environment variable: HZ_JET_ENABLED=true
2023-06-26 21:31:23 Jun 26, 2023 7:31:23 PM com.hazelcast.system.security
2023-06-26 21:31:23 INFO: [127.0.0.1]:5903 [dev] [5.0.2] Enable DEBUG/FINE log level for log category com.hazelcast.system.security  or use -Dhazelcast.security.recommendations system property to see 🔒 security recommendations and the status of current config.
2023-06-26 21:31:23 Jun 26, 2023 7:31:23 PM com.hazelcast.instance.impl.Node
2023-06-26 21:31:23 INFO: [127.0.0.1]:5903 [dev] [5.0.2] Using TCP/IP discovery
2023-06-26 21:31:23 Jun 26, 2023 7:31:23 PM com.hazelcast.cp.CPSubsystem
2023-06-26 21:31:23 WARNING: [127.0.0.1]:5903 [dev] [5.0.2] CP Subsystem is not enabled. CP data structures will operate in UNSAFE mode! Please note that UNSAFE mode will not provide strong consistency guarantees.
2023-06-26 21:31:23 Jun 26, 2023 7:31:23 PM com.hazelcast.internal.diagnostics.Diagnostics
2023-06-26 21:31:23 INFO: [127.0.0.1]:5903 [dev] [5.0.2] Diagnostics disabled. To enable add -Dhazelcast.diagnostics.enabled=true to the JVM arguments.
2023-06-26 21:31:23 Jun 26, 2023 7:31:23 PM com.hazelcast.core.LifecycleService
2023-06-26 21:31:23 INFO: [127.0.0.1]:5903 [dev] [5.0.2] [127.0.0.1]:5903 is STARTING
2023-06-26 21:31:24 Jun 26, 2023 7:31:24 PM com.hazelcast.internal.cluster.impl.TcpIpJoiner
2023-06-26 21:31:24 INFO: [127.0.0.1]:5903 [dev] [5.0.2] [127.0.0.1]:5905 is added to the blacklist.
2023-06-26 21:31:24 Jun 26, 2023 7:31:24 PM com.hazelcast.internal.cluster.impl.TcpIpJoiner
2023-06-26 21:31:24 INFO: [127.0.0.1]:5903 [dev] [5.0.2] [127.0.0.1]:5904 is added to the blacklist.
2023-06-26 21:31:24 Jun 26, 2023 7:31:24 PM com.hazelcast.internal.cluster.impl.TcpIpJoiner
2023-06-26 21:31:24 INFO: [127.0.0.1]:5903 [dev] [5.0.2] [127.0.0.1]:5905 is added to the blacklist.
2023-06-26 21:31:24 Jun 26, 2023 7:31:24 PM com.hazelcast.internal.cluster.impl.TcpIpJoiner
2023-06-26 21:31:24 INFO: [127.0.0.1]:5903 [dev] [5.0.2] [127.0.0.1]:5904 is added to the blacklist.
2023-06-26 21:31:24 Jun 26, 2023 7:31:24 PM com.hazelcast.internal.cluster.impl.TcpIpJoiner
2023-06-26 21:31:24 INFO: [127.0.0.1]:5903 [dev] [5.0.2] [127.0.0.1]:5905 is added to the blacklist.
2023-06-26 21:31:24 Jun 26, 2023 7:31:24 PM com.hazelcast.internal.cluster.impl.TcpIpJoiner
2023-06-26 21:31:21 2023-06-26 19:31:21,847 [main                          ] INFO  ContextLoader                  - Root WebApplicationContext: initialization started
2023-06-26 21:31:22 2023-06-26 19:31:22,369 [main                          ] INFO  epositoryConfigurationDelegate - Bootstrapping Spring Data MongoDB repositories in DEFAULT mode.
2023-06-26 21:31:22 2023-06-26 19:31:22,493 [main                          ] INFO  epositoryConfigurationDelegate - Finished Spring Data repository scanning in 119 ms. Found 12 MongoDB repository interfaces.
2023-06-26 21:31:22 2023-06-26 19:31:22,869 [main                          ] INFO  egate$BeanPostProcessorChecker - Bean 'pluginsContainer' of type [ru.greatbit.plow.PluginsContainer] is not eligible for getting processed by all BeanPostProcessors (for example: not eligible for auto-proxying)
2023-06-26 21:31:22 2023-06-26 19:31:22,954 [main                          ] INFO  cluster                        - Cluster created with settings {hosts=[mongod:27017], mode=SINGLE, requiredClusterType=UNKNOWN, serverSelectionTimeout='30000 ms'}
2023-06-26 21:31:23 2023-06-26 19:31:23,025 [scription='null'}-mongod:27017] INFO  connection                     - Opened connection [connectionId{localValue:1, serverValue:1}] to mongod:27017
2023-06-26 21:31:23 2023-06-26 19:31:23,025 [scription='null'}-mongod:27017] INFO  connection                     - Opened connection [connectionId{localValue:2, serverValue:2}] to mongod:27017
2023-06-26 21:31:23 2023-06-26 19:31:23,025 [scription='null'}-mongod:27017] INFO  cluster                        - Monitor thread successfully connected to server with description ServerDescription{address=mongod:27017, type=STANDALONE, state=CONNECTED, ok=true, minWireVersion=0, maxWireVersion=13, maxDocumentSize=16777216, logicalSessionTimeoutMinutes=30, roundTripTimeNanos=20038302}
2023-06-26 21:31:23 2023-06-26 19:31:23,108 [main                          ] WARN  CustomConversions              - Registering converter from class java.time.LocalDateTime to class org.joda.time.LocalDateTime as reading converter although it doesn't convert from a store-supported type! You might want to check your annotation setup at the converter implementation.
2023-06-26 21:31:42 2023-06-26 19:31:42,818 [main                          ] INFO  Version                        - HV000001: Hibernate Validator 5.2.4.Final
2023-06-26 21:31:42 2023-06-26 19:31:42,866 [main                          ] WARN  CustomConversions              - Registering converter from class java.time.LocalDateTime to class org.joda.time.LocalDateTime as reading converter although it doesn't convert from a store-supported type! You might want to check your annotation setup at the converter implementation.
2023-06-26 21:31:42 2023-06-26 19:31:42,887 [main                          ] INFO  ContextLoader                  - Root WebApplicationContext initialized in 21040 ms
2023-06-26 21:31:43 2023-06-26 19:31:43,126 [main                          ] INFO  Reflections                    - Reflections took 26 ms to scan 1 urls, producing 43 keys and 77 values 
2023-06-26 21:32:21 2023-06-26 19:32:21,937 [qtp815033865-120              ] INFO  ExceptionHandler               - User session not found and will be prompt to authorize
2023-06-26 21:32:22 2023-06-26 19:32:22,076 [qtp815033865-24               ] INFO  ExceptionHandler               - User session not found and will be prompt to authorize
2023-06-26 21:32:22 2023-06-26 19:32:22,175 [qtp815033865-109              ] INFO  ExceptionHandler               - User session not found and will be prompt to authorize
2023-06-26 21:32:27 2023-06-26 19:32:27,916 [qtp815033865-110              ] INFO  ExceptionHandler               - User session not found and will be prompt to authorize
2023-06-26 21:33:05 2023-06-26 19:33:05,440 [qtp815033865-112              ] INFO  connection                     - Opened connection [connectionId{localValue:4, serverValue:4}] to mongod:27017
2023-06-26 21:33:05 2023-06-26 19:33:05,440 [qtp815033865-111              ] INFO  connection                     - Opened connection [connectionId{localValue:3, serverValue:3}] to mongod:27017
2023-06-26 21:33:31 2023-06-26 19:33:31,219 [qtp815033865-21               ] WARN  ExceptionHandler               - Exception has occurred for user null : null
2023-06-26 21:33:31 java.lang.NullPointerException
2023-06-26 21:33:31 at com.testquack.services.BaseService.userCanReadProject(BaseService.java:146)[services-1.21.jar:]
2023-06-26 21:33:31 at com.testquack.services.BaseService.userCanUpdateProject(BaseService.java:131)[services-1.21.jar:]
2023-06-26 21:33:31 at com.testquack.services.BaseService.userCanCreate(BaseService.java:163)[services-1.21.jar:]
2023-06-26 21:33:31 at com.testquack.services.ProjectService.userCanCreate(ProjectService.java:79)[services-1.21.jar:]
2023-06-26 21:33:31 at com.testquack.services.ProjectService.userCanCreate(ProjectService.java:21)[services-1.21.jar:]
2023-06-26 21:33:31 at com.testquack.services.BaseService.create(BaseService.java:214)[services-1.21.jar:]
2023-06-26 21:33:31 at com.testquack.services.ProjectService.createProject(ProjectService.java:51)[services-1.21.jar:]
2023-06-26 21:33:31 at com.testquack.api.resources.ProjectResource.create(ProjectResource.java:64)[file:/tmp/jetty-0_0_0_0-8080-quack_war-_-any-2745177511468114105/webapp/WEB-INF/classes/:]
2023-06-26 21:33:31 at sun.reflect.NativeMethodAccessorImpl.invoke0(Native Method)[:1.8.0_212]
2023-06-26 21:33:31 at sun.reflect.NativeMethodAccessorImpl.invoke(NativeMethodAccessorImpl.java:62)[:1.8.0_212]
2023-06-26 21:33:31 at sun.reflect.DelegatingMethodAccessorImpl.invoke(DelegatingMethodAccessorImpl.java:43)[:1.8.0_212]
2023-06-26 21:33:31 at java.lang.reflect.Method.invoke(Method.java:498)[:1.8.0_212]
2023-06-26 21:33:31 at org.glassfish.jersey.server.model.internal.ResourceMethodInvocationHandlerFactory$1.invoke(ResourceMethodInvocationHandlerFactory.java:81)[jersey-server-2.25.1.jar:]
2023-06-26 21:33:31 at org.glassfish.jersey.server.model.internal.AbstractJavaResourceMethodDispatcher$1.run(AbstractJavaResourceMethodDispatcher.java:144)[jersey-server-2.25.1.jar:]
2023-06-26 21:33:31 at org.glassfish.jersey.server.model.internal.AbstractJavaResourceMethodDispatcher.invoke(AbstractJavaResourceMethodDispatcher.java:161)[jersey-server-2.25.1.jar:]
2023-06-26 21:33:31 at org.glassfish.jersey.server.model.internal.JavaResourceMethodDispatcherProvider$TypeOutInvoker.doDispatch(JavaResourceMethodDispatcherProvider.java:205)[jersey-server-2.25.1.jar:]
2023-06-26 21:33:31 at org.glassfish.jersey.server.model.internal.AbstractJavaResourceMethodDispatcher.dispatch(AbstractJavaResourceMethodDispatcher.java:99)[jersey-server-2.25.1.jar:]
2023-06-26 21:33:31 at org.glassfish.jersey.server.model.ResourceMethodInvoker.invoke(ResourceMethodInvoker.java:389)[jersey-server-2.25.1.jar:]
2023-06-26 21:33:31 at org.glassfish.jersey.server.model.ResourceMethodInvoker.apply(ResourceMethodInvoker.java:347)[jersey-server-2.25.1.jar:]
2023-06-26 21:33:31 at org.glassfish.jersey.server.model.ResourceMethodInvoker.apply(ResourceMethodInvoker.java:102)[jersey-server-2.25.1.jar:]
2023-06-26 21:33:31 at org.glassfish.jersey.server.ServerRuntime$2.run(ServerRuntime.java:326)[jersey-server-2.25.1.jar:]
2023-06-26 21:33:31 at org.glassfish.jersey.internal.Errors$1.call(Errors.java:271)[jersey-common-2.25.1.jar:]
2023-06-26 21:33:31 at org.glassfish.jersey.internal.Errors$1.call(Errors.java:267)[jersey-common-2.25.1.jar:]
2023-06-26 21:33:31 at org.glassfish.jersey.internal.Errors.process(Errors.java:315)[jersey-common-2.25.1.jar:]
2023-06-26 21:33:31 at org.glassfish.jersey.internal.Errors.process(Errors.java:297)[jersey-common-2.25.1.jar:]
2023-06-26 21:33:31 at org.glassfish.jersey.internal.Errors.process(Errors.java:267)[jersey-common-2.25.1.jar:]
2023-06-26 21:33:31 at org.glassfish.jersey.process.internal.RequestScope.runInScope(RequestScope.java:317)[jersey-common-2.25.1.jar:]
2023-06-26 21:31:24 INFO: [127.0.0.1]:5903 [dev] [5.0.2] [127.0.0.1]:5904 is added to the blacklist.
2023-06-26 21:31:24 Jun 26, 2023 7:31:24 PM com.hazelcast.internal.cluster.impl.TcpIpJoiner
2023-06-26 21:31:24 INFO: [127.0.0.1]:5903 [dev] [5.0.2] [127.0.0.1]:5905 is added to the blacklist.
2023-06-26 21:31:24 Jun 26, 2023 7:31:24 PM com.hazelcast.internal.cluster.impl.TcpIpJoiner
2023-06-26 21:31:24 INFO: [127.0.0.1]:5903 [dev] [5.0.2] [127.0.0.1]:5904 is added to the blacklist.
2023-06-26 21:31:25 Jun 26, 2023 7:31:25 PM com.hazelcast.internal.cluster.ClusterService
2023-06-26 21:31:25 INFO: [127.0.0.1]:5903 [dev] [5.0.2] 
2023-06-26 21:31:25 
2023-06-26 21:31:25 Members {size:1, ver:1} [
2023-06-26 21:31:25 Member [127.0.0.1]:5903 - 6da8e61d-b0cc-4f7c-b5d3-e733b7037627 this
2023-06-26 21:31:25 ]
2023-06-26 21:31:25 
2023-06-26 21:31:25 Jun 26, 2023 7:31:25 PM com.hazelcast.core.LifecycleService
2023-06-26 21:31:25 INFO: [127.0.0.1]:5903 [dev] [5.0.2] [127.0.0.1]:5903 is STARTED
2023-06-26 21:31:43 Jun 26, 2023 7:31:43 PM org.glassfish.jersey.internal.Errors logErrors
2023-06-26 21:31:43 WARNING: The following warnings have been detected: WARNING: The (sub)resource method getLaunchersList in com.testquack.api.resources.LauncherResource contains empty path annotation.
2023-06-26 21:31:43 WARNING: The (sub)resource method findFiltered in com.testquack.api.resources.AttributeResource contains empty path annotation.
2023-06-26 21:31:43 WARNING: The (sub)resource method update in com.testquack.api.resources.AttributeResource contains empty path annotation.
2023-06-26 21:31:43 WARNING: The (sub)resource method delete in com.testquack.api.resources.AttributeResource contains empty path annotation.
2023-06-26 21:31:43 WARNING: The (sub)resource method create in com.testquack.api.resources.AttributeResource contains empty path annotation.
2023-06-26 21:31:43 WARNING: The (sub)resource method createUser in com.testquack.api.resources.UserResource contains empty path annotation.
2023-06-26 21:31:43 WARNING: The (sub)resource method updateUser in com.testquack.api.resources.UserResource contains empty path annotation.
2023-06-26 21:31:43 WARNING: The (sub)resource method findFiltered in com.testquack.api.resources.UserResource contains empty path annotation.
2023-06-26 21:31:43 WARNING: The (sub)resource method findFiltered in com.testquack.api.resources.CommentResource contains empty path annotation.
2023-06-26 21:31:43 WARNING: The (sub)resource method update in com.testquack.api.resources.CommentResource contains empty path annotation.
2023-06-26 21:31:43 WARNING: The (sub)resource method delete in com.testquack.api.resources.CommentResource contains empty path annotation.
2023-06-26 21:31:43 WARNING: The (sub)resource method create in com.testquack.api.resources.CommentResource contains empty path annotation.
2023-06-26 21:31:43 WARNING: The (sub)resource method findFiltered in com.testquack.api.resources.EventResource contains empty path annotation.
2023-06-26 21:31:43 WARNING: The (sub)resource method update in com.testquack.api.resources.EventResource contains empty path annotation.
2023-06-26 21:31:43 WARNING: The (sub)resource method delete in com.testquack.api.resources.EventResource contains empty path annotation.
2023-06-26 21:31:43 WARNING: The (sub)resource method create in com.testquack.api.resources.EventResource contains empty path annotation.
2023-06-26 21:31:43 WARNING: The (sub)resource method findFiltered in com.testquack.api.resources.LaunchResource contains empty path annotation.
2023-06-26 21:31:43 WARNING: The (sub)resource method update in com.testquack.api.resources.LaunchResource contains empty path annotation.
2023-06-26 21:31:43 WARNING: The (sub)resource method delete in com.testquack.api.resources.LaunchResource contains empty path annotation.
2023-06-26 21:31:43 WARNING: The (sub)resource method findFiltered in com.testquack.api.resources.TestCaseResource contains empty path annotation.
2023-06-26 21:31:43 WARNING: The (sub)resource method update in com.testquack.api.resources.TestCaseResource contains empty path annotation.
2023-06-26 21:31:43 WARNING: The (sub)resource method delete in com.testquack.api.resources.TestCaseResource contains empty path annotation.
2023-06-26 21:31:43 WARNING: The (sub)resource method create in com.testquack.api.resources.TestCaseResource contains empty path annotation.
2023-06-26 21:31:43 WARNING: The (sub)resource method findFiltered in com.testquack.api.resources.TestSuiteResource contains empty path annotation.
2023-06-26 21:31:43 WARNING: The (sub)resource method update in com.testquack.api.resources.TestSuiteResource contains empty path annotation.
2023-06-26 21:31:43 WARNING: The (sub)resource method delete in com.testquack.api.resources.TestSuiteResource contains empty path annotation.
2023-06-26 21:31:43 WARNING: The (sub)resource method create in com.testquack.api.resources.TestSuiteResource contains empty path annotation.
2023-06-26 21:31:43 
2023-06-26 21:31:43 2023-06-26 19:31:43.525:INFO:oejsh.ContextHandler:main: Started o.e.j.w.WebAppContext@44e81672{/,file:///tmp/jetty-0_0_0_0-8080-quack_war-_-any-2745177511468114105/webapp/,AVAILABLE}{file:///usr/quack/quack.war}
2023-06-26 21:31:43 2023-06-26 19:31:43.538:INFO:oejs.AbstractConnector:main: Started ServerConnector@11028347{HTTP/1.1, (http/1.1)}{0.0.0.0:8080}
2023-06-26 21:31:43 2023-06-26 19:31:43.539:INFO:oejs.Server:main: Started @22926ms
2023-06-26 21:33:31 Jun 26, 2023 7:33:31 PM com.hazelcast.internal.partition.impl.PartitionStateManager
2023-06-26 21:33:31 INFO: [127.0.0.1]:5903 [dev] [5.0.2] Initializing cluster partition table arrangement...
2023-06-26 21:33:31 Jun 26, 2023 7:33:31 PM com.hazelcast.cp.internal.session.RaftSessionService
2023-06-26 21:33:31 INFO: [127.0.0.1]:5903 [dev] [5.0.2] Created new session: 1 in CPGroupId{name='sequencer-null', seed=0, groupId=127} for SERVER -> [127.0.0.1]:5903
2023-06-26 21:33:31 at org.glassfish.jersey.server.ServerRuntime.process(ServerRuntime.java:305)[jersey-server-2.25.1.jar:]
2023-06-26 21:33:31 at org.glassfish.jersey.server.ApplicationHandler.handle(ApplicationHandler.java:1154)[jersey-server-2.25.1.jar:]
2023-06-26 21:33:31 at org.glassfish.jersey.servlet.WebComponent.serviceImpl(WebComponent.java:473)[jersey-container-servlet-core-2.25.1.jar:]
2023-06-26 21:33:31 at org.glassfish.jersey.servlet.WebComponent.service(WebComponent.java:427)[jersey-container-servlet-core-2.25.1.jar:]
2023-06-26 21:33:31 at org.glassfish.jersey.servlet.ServletContainer.service(ServletContainer.java:388)[jersey-container-servlet-core-2.25.1.jar:]
2023-06-26 21:33:31 at org.glassfish.jersey.servlet.ServletContainer.service(ServletContainer.java:341)[jersey-container-servlet-core-2.25.1.jar:]
2023-06-26 21:33:31 at org.glassfish.jersey.servlet.ServletContainer.service(ServletContainer.java:228)[jersey-container-servlet-core-2.25.1.jar:]
2023-06-26 21:33:31 at org.eclipse.jetty.servlet.ServletHolder$NotAsync.service(ServletHolder.java:1443)
2023-06-26 21:33:31 at org.eclipse.jetty.servlet.ServletHolder.handle(ServletHolder.java:791)
2023-06-26 21:33:31 at org.eclipse.jetty.servlet.ServletHandler.doHandle(ServletHandler.java:550)
2023-06-26 21:33:31 at org.eclipse.jetty.server.handler.ScopedHandler.handle(ScopedHandler.java:143)
2023-06-26 21:33:31 at org.eclipse.jetty.security.SecurityHandler.handle(SecurityHandler.java:602)
2023-06-26 21:33:31 at org.eclipse.jetty.server.handler.HandlerWrapper.handle(HandlerWrapper.java:127)
2023-06-26 21:33:31 at org.eclipse.jetty.server.handler.ScopedHandler.nextHandle(ScopedHandler.java:235)
2023-06-26 21:33:31 at org.eclipse.jetty.server.session.SessionHandler.doHandle(SessionHandler.java:1624)
2023-06-26 21:33:31 at org.eclipse.jetty.server.handler.ScopedHandler.nextHandle(ScopedHandler.java:233)
2023-06-26 21:33:31 at org.eclipse.jetty.server.handler.ContextHandler.doHandle(ContextHandler.java:1435)
2023-06-26 21:33:31 at org.eclipse.jetty.server.handler.ScopedHandler.nextScope(ScopedHandler.java:188)
2023-06-26 21:33:31 at org.eclipse.jetty.servlet.ServletHandler.doScope(ServletHandler.java:501)
2023-06-26 21:33:31 at org.eclipse.jetty.server.session.SessionHandler.doScope(SessionHandler.java:1594)
2023-06-26 21:33:31 at org.eclipse.jetty.server.handler.ScopedHandler.nextScope(ScopedHandler.java:186)
2023-06-26 21:33:31 at org.eclipse.jetty.server.handler.ContextHandler.doScope(ContextHandler.java:1350)
2023-06-26 21:33:31 at org.eclipse.jetty.server.handler.ScopedHandler.handle(ScopedHandler.java:141)
2023-06-26 21:33:31 at org.eclipse.jetty.server.handler.ContextHandlerCollection.handle(ContextHandlerCollection.java:191)
2023-06-26 21:33:31 at org.eclipse.jetty.server.handler.HandlerCollection.handle(HandlerCollection.java:146)
2023-06-26 21:33:31 at org.eclipse.jetty.server.handler.HandlerWrapper.handle(HandlerWrapper.java:127)
2023-06-26 21:33:31 at org.eclipse.jetty.server.Server.handle(Server.java:516)
2023-06-26 21:33:31 at org.eclipse.jetty.server.HttpChannel.lambda$handle$1(HttpChannel.java:388)
2023-06-26 21:33:31 at org.eclipse.jetty.server.HttpChannel.dispatch(HttpChannel.java:633)
2023-06-26 21:33:31 at org.eclipse.jetty.server.HttpChannel.handle(HttpChannel.java:380)
2023-06-26 21:33:31 at org.eclipse.jetty.server.HttpConnection.onFillable(HttpConnection.java:273)
2023-06-26 21:33:31 at org.eclipse.jetty.io.AbstractConnection$ReadCallback.succeeded(AbstractConnection.java:311)
2023-06-26 21:33:31 at org.eclipse.jetty.io.FillInterest.fillable(FillInterest.java:105)
2023-06-26 21:33:31 at org.eclipse.jetty.io.ChannelEndPoint$1.run(ChannelEndPoint.java:104)
2023-06-26 21:33:31 at org.eclipse.jetty.util.thread.strategy.EatWhatYouKill.runTask(EatWhatYouKill.java:336)
2023-06-26 21:33:31 at org.eclipse.jetty.util.thread.strategy.EatWhatYouKill.doProduce(EatWhatYouKill.java:313)
2023-06-26 21:33:31 at org.eclipse.jetty.util.thread.strategy.EatWhatYouKill.tryProduce(EatWhatYouKill.java:171)
2023-06-26 21:33:31 at org.eclipse.jetty.util.thread.strategy.EatWhatYouKill.produce(EatWhatYouKill.java:135)
2023-06-26 21:33:31 at org.eclipse.jetty.util.thread.QueuedThreadPool.runJob(QueuedThreadPool.java:773)
2023-06-26 21:33:31 at org.eclipse.jetty.util.thread.QueuedThreadPool$Runner.run(QueuedThreadPool.java:905)
2023-06-26 21:33:31 at java.lang.Thread.run(Thread.java:748)[:1.8.0_212]
2023-06-26 21:33:43 2023-06-26 19:33:43,000 [qtp815033865-22               ] WARN  ExceptionHandler               - Exception has occurred for user null : null
2023-06-26 21:33:43 java.lang.NullPointerException
2023-06-26 21:33:43 at com.testquack.services.BaseService.userCanReadProject(BaseService.java:146)[services-1.21.jar:]
2023-06-26 21:33:43 at com.testquack.services.BaseService.userCanUpdateProject(BaseService.java:131)[services-1.21.jar:]
2023-06-26 21:33:43 at com.testquack.services.BaseService.userCanCreate(BaseService.java:163)[services-1.21.jar:]
2023-06-26 21:33:43 at com.testquack.services.ProjectService.userCanCreate(ProjectService.java:79)[services-1.21.jar:]
2023-06-26 21:33:43 at com.testquack.services.ProjectService.userCanCreate(ProjectService.java:21)[services-1.21.jar:]
2023-06-26 21:33:43 at com.testquack.services.BaseService.create(BaseService.java:214)[services-1.21.jar:]
2023-06-26 21:33:43 at com.testquack.services.ProjectService.createProject(ProjectService.java:51)[services-1.21.jar:]
2023-06-26 21:33:43 at com.testquack.api.resources.ProjectResource.create(ProjectResource.java:64)[file:/tmp/jetty-0_0_0_0-8080-quack_war-_-any-2745177511468114105/webapp/WEB-INF/classes/:]
2023-06-26 21:33:43 at sun.reflect.NativeMethodAccessorImpl.invoke0(Native Method)[:1.8.0_212]
2023-06-26 21:33:43 at sun.reflect.NativeMethodAccessorImpl.invoke(NativeMethodAccessorImpl.java:62)[:1.8.0_212]
2023-06-26 21:33:43 at sun.reflect.DelegatingMethodAccessorImpl.invoke(DelegatingMethodAccessorImpl.java:43)[:1.8.0_212]
2023-06-26 21:33:43 at java.lang.reflect.Method.invoke(Method.java:498)[:1.8.0_212]
2023-06-26 21:33:43 at org.glassfish.jersey.server.model.internal.ResourceMethodInvocationHandlerFactory$1.invoke(ResourceMethodInvocationHandlerFactory.java:81)[jersey-server-2.25.1.jar:]
2023-06-26 21:33:43 at org.glassfish.jersey.server.model.internal.AbstractJavaResourceMethodDispatcher$1.run(AbstractJavaResourceMethodDispatcher.java:144)[jersey-server-2.25.1.jar:]
2023-06-26 21:33:43 at org.glassfish.jersey.server.model.internal.AbstractJavaResourceMethodDispatcher.invoke(AbstractJavaResourceMethodDispatcher.java:161)[jersey-server-2.25.1.jar:]
2023-06-26 21:33:43 at org.glassfish.jersey.server.model.internal.JavaResourceMethodDispatcherProvider$TypeOutInvoker.doDispatch(JavaResourceMethodDispatcherProvider.java:205)[jersey-server-2.25.1.jar:]
2023-06-26 21:33:43 at org.glassfish.jersey.server.model.internal.AbstractJavaResourceMethodDispatcher.dispatch(AbstractJavaResourceMethodDispatcher.java:99)[jersey-server-2.25.1.jar:]
2023-06-26 21:33:43 at org.glassfish.jersey.server.model.ResourceMethodInvoker.invoke(ResourceMethodInvoker.java:389)[jersey-server-2.25.1.jar:]
2023-06-26 21:33:43 at org.glassfish.jersey.server.model.ResourceMethodInvoker.apply(ResourceMethodInvoker.java:347)[jersey-server-2.25.1.jar:]
2023-06-26 21:33:43 at org.glassfish.jersey.server.model.ResourceMethodInvoker.apply(ResourceMethodInvoker.java:102)[jersey-server-2.25.1.jar:]
2023-06-26 21:33:43 at org.glassfish.jersey.server.ServerRuntime$2.run(ServerRuntime.java:326)[jersey-server-2.25.1.jar:]
2023-06-26 21:33:43 at org.glassfish.jersey.internal.Errors$1.call(Errors.java:271)[jersey-common-2.25.1.jar:]
2023-06-26 21:33:43 at org.glassfish.jersey.internal.Errors$1.call(Errors.java:267)[jersey-common-2.25.1.jar:]
2023-06-26 21:33:43 at org.glassfish.jersey.internal.Errors.process(Errors.java:315)[jersey-common-2.25.1.jar:]
2023-06-26 21:33:43 at org.glassfish.jersey.internal.Errors.process(Errors.java:297)[jersey-common-2.25.1.jar:]
2023-06-26 21:33:43 at org.glassfish.jersey.internal.Errors.process(Errors.java:267)[jersey-common-2.25.1.jar:]
2023-06-26 21:33:43 at org.glassfish.jersey.process.internal.RequestScope.runInScope(RequestScope.java:317)[jersey-common-2.25.1.jar:]
2023-06-26 21:33:43 at org.glassfish.jersey.server.ServerRuntime.process(ServerRuntime.java:305)[jersey-server-2.25.1.jar:]
2023-06-26 21:33:43 at org.glassfish.jersey.server.ApplicationHandler.handle(ApplicationHandler.java:1154)[jersey-server-2.25.1.jar:]
2023-06-26 21:33:43 at org.glassfish.jersey.servlet.WebComponent.serviceImpl(WebComponent.java:473)[jersey-container-servlet-core-2.25.1.jar:]
2023-06-26 21:33:43 at org.glassfish.jersey.servlet.WebComponent.service(WebComponent.java:427)[jersey-container-servlet-core-2.25.1.jar:]
2023-06-26 21:33:43 at org.glassfish.jersey.servlet.ServletContainer.service(ServletContainer.java:388)[jersey-container-servlet-core-2.25.1.jar:]
2023-06-26 21:33:43 at org.glassfish.jersey.servlet.ServletContainer.service(ServletContainer.java:341)[jersey-container-servlet-core-2.25.1.jar:]
2023-06-26 21:33:43 at org.glassfish.jersey.servlet.ServletContainer.service(ServletContainer.java:228)[jersey-container-servlet-core-2.25.1.jar:]
2023-06-26 21:33:43 at org.eclipse.jetty.servlet.ServletHolder$NotAsync.service(ServletHolder.java:1443)
2023-06-26 21:33:43 at org.eclipse.jetty.servlet.ServletHolder.handle(ServletHolder.java:791)
2023-06-26 21:33:43 at org.eclipse.jetty.servlet.ServletHandler.doHandle(ServletHandler.java:550)
2023-06-26 21:33:43 at org.eclipse.jetty.server.handler.ScopedHandler.handle(ScopedHandler.java:143)
2023-06-26 21:33:43 at org.eclipse.jetty.security.SecurityHandler.handle(SecurityHandler.java:602)
2023-06-26 21:33:43 at org.eclipse.jetty.server.handler.HandlerWrapper.handle(HandlerWrapper.java:127)
2023-06-26 21:33:43 at org.eclipse.jetty.server.handler.ScopedHandler.nextHandle(ScopedHandler.java:235)
2023-06-26 21:33:43 at org.eclipse.jetty.server.session.SessionHandler.doHandle(SessionHandler.java:1624)
2023-06-26 21:33:43 at org.eclipse.jetty.server.handler.ScopedHandler.nextHandle(ScopedHandler.java:233)
2023-06-26 21:33:43 at org.eclipse.jetty.server.handler.ContextHandler.doHandle(ContextHandler.java:1435)
2023-06-26 21:33:43 at org.eclipse.jetty.server.handler.ScopedHandler.nextScope(ScopedHandler.java:188)
2023-06-26 21:33:43 at org.eclipse.jetty.servlet.ServletHandler.doScope(ServletHandler.java:501)
2023-06-26 21:33:43 at org.eclipse.jetty.server.session.SessionHandler.doScope(SessionHandler.java:1594)
2023-06-26 21:33:43 at org.eclipse.jetty.server.handler.ScopedHandler.nextScope(ScopedHandler.java:186)
2023-06-26 21:33:43 at org.eclipse.jetty.server.handler.ContextHandler.doScope(ContextHandler.java:1350)
2023-06-26 21:33:43 at org.eclipse.jetty.server.handler.ScopedHandler.handle(ScopedHandler.java:141)
2023-06-26 21:33:43 at org.eclipse.jetty.server.handler.ContextHandlerCollection.handle(ContextHandlerCollection.java:191)
2023-06-26 21:33:43 at org.eclipse.jetty.server.handler.HandlerCollection.handle(HandlerCollection.java:146)
2023-06-26 21:33:43 at org.eclipse.jetty.server.handler.HandlerWrapper.handle(HandlerWrapper.java:127)
2023-06-26 21:33:43 at org.eclipse.jetty.server.Server.handle(Server.java:516)
2023-06-26 21:33:43 at org.eclipse.jetty.server.HttpChannel.lambda$handle$1(HttpChannel.java:388)
2023-06-26 21:33:43 at org.eclipse.jetty.server.HttpChannel.dispatch(HttpChannel.java:633)
2023-06-26 21:33:43 at org.eclipse.jetty.server.HttpChannel.handle(HttpChannel.java:380)
2023-06-26 21:33:43 at org.eclipse.jetty.server.HttpConnection.onFillable(HttpConnection.java:273)
2023-06-26 21:33:43 at org.eclipse.jetty.io.AbstractConnection$ReadCallback.succeeded(AbstractConnection.java:311)
2023-06-26 21:33:43 at org.eclipse.jetty.io.FillInterest.fillable(FillInterest.java:105)
2023-06-26 21:33:43 at org.eclipse.jetty.io.ChannelEndPoint$1.run(ChannelEndPoint.java:104)
2023-06-26 21:33:43 at org.eclipse.jetty.util.thread.strategy.EatWhatYouKill.runTask(EatWhatYouKill.java:336)
2023-06-26 21:33:43 at org.eclipse.jetty.util.thread.strategy.EatWhatYouKill.doProduce(EatWhatYouKill.java:313)
2023-06-26 21:33:43 at org.eclipse.jetty.util.thread.strategy.EatWhatYouKill.tryProduce(EatWhatYouKill.java:171)
2023-06-26 21:33:43 at org.eclipse.jetty.util.thread.strategy.EatWhatYouKill.produce(EatWhatYouKill.java:135)
2023-06-26 21:33:43 at org.eclipse.jetty.util.thread.QueuedThreadPool.runJob(QueuedThreadPool.java:773)
2023-06-26 21:33:43 at org.eclipse.jetty.util.thread.QueuedThreadPool$Runner.run(QueuedThreadPool.java:905)
2023-06-26 21:33:43 at java.lang.Thread.run(Thread.java:748)[:1.8.0_212]
2023-06-26 21:33:50 2023-06-26 19:33:50,473 [qtp815033865-117              ] WARN  ExceptionHandler               - Exception has occurred for user null : null
2023-06-26 21:33:50 java.lang.NullPointerException
2023-06-26 21:33:50 at com.testquack.services.BaseService.userCanReadProject(BaseService.java:146)[services-1.21.jar:]
2023-06-26 21:33:50 at com.testquack.services.BaseService.userCanUpdateProject(BaseService.java:131)[services-1.21.jar:]
2023-06-26 21:33:50 at com.testquack.services.BaseService.userCanCreate(BaseService.java:163)[services-1.21.jar:]
2023-06-26 21:33:50 at com.testquack.services.ProjectService.userCanCreate(ProjectService.java:79)[services-1.21.jar:]
2023-06-26 21:33:50 at com.testquack.services.ProjectService.userCanCreate(ProjectService.java:21)[services-1.21.jar:]
2023-06-26 21:33:50 at com.testquack.services.BaseService.create(BaseService.java:214)[services-1.21.jar:]
2023-06-26 21:33:50 at com.testquack.services.ProjectService.createProject(ProjectService.java:51)[services-1.21.jar:]
2023-06-26 21:33:50 at com.testquack.api.resources.ProjectResource.create(ProjectResource.java:64)[file:/tmp/jetty-0_0_0_0-8080-quack_war-_-any-2745177511468114105/webapp/WEB-INF/classes/:]
2023-06-26 21:33:50 at sun.reflect.NativeMethodAccessorImpl.invoke0(Native Method)[:1.8.0_212]
2023-06-26 21:33:50 at sun.reflect.NativeMethodAccessorImpl.invoke(NativeMethodAccessorImpl.java:62)[:1.8.0_212]
2023-06-26 21:33:50 at sun.reflect.DelegatingMethodAccessorImpl.invoke(DelegatingMethodAccessorImpl.java:43)[:1.8.0_212]
2023-06-26 21:33:50 at java.lang.reflect.Method.invoke(Method.java:498)[:1.8.0_212]
2023-06-26 21:33:50 at org.glassfish.jersey.server.model.internal.ResourceMethodInvocationHandlerFactory$1.invoke(ResourceMethodInvocationHandlerFactory.java:81)[jersey-server-2.25.1.jar:]
2023-06-26 21:33:50 at org.glassfish.jersey.server.model.internal.AbstractJavaResourceMethodDispatcher$1.run(AbstractJavaResourceMethodDispatcher.java:144)[jersey-server-2.25.1.jar:]
2023-06-26 21:33:50 at org.glassfish.jersey.server.model.internal.AbstractJavaResourceMethodDispatcher.invoke(AbstractJavaResourceMethodDispatcher.java:161)[jersey-server-2.25.1.jar:]
2023-06-26 21:33:50 at org.glassfish.jersey.server.model.internal.JavaResourceMethodDispatcherProvider$TypeOutInvoker.doDispatch(JavaResourceMethodDispatcherProvider.java:205)[jersey-server-2.25.1.jar:]
2023-06-26 21:33:50 at org.glassfish.jersey.server.model.internal.AbstractJavaResourceMethodDispatcher.dispatch(AbstractJavaResourceMethodDispatcher.java:99)[jersey-server-2.25.1.jar:]
2023-06-26 21:33:50 at org.glassfish.jersey.server.model.ResourceMethodInvoker.invoke(ResourceMethodInvoker.java:389)[jersey-server-2.25.1.jar:]
2023-06-26 21:33:50 at org.glassfish.jersey.server.model.ResourceMethodInvoker.apply(ResourceMethodInvoker.java:347)[jersey-server-2.25.1.jar:]
2023-06-26 21:33:50 at org.glassfish.jersey.server.model.ResourceMethodInvoker.apply(ResourceMethodInvoker.java:102)[jersey-server-2.25.1.jar:]
2023-06-26 21:33:50 at org.glassfish.jersey.server.ServerRuntime$2.run(ServerRuntime.java:326)[jersey-server-2.25.1.jar:]
2023-06-26 21:33:50 at org.glassfish.jersey.internal.Errors$1.call(Errors.java:271)[jersey-common-2.25.1.jar:]
2023-06-26 21:33:50 at org.glassfish.jersey.internal.Errors$1.call(Errors.java:267)[jersey-common-2.25.1.jar:]
2023-06-26 21:33:50 at org.glassfish.jersey.internal.Errors.process(Errors.java:315)[jersey-common-2.25.1.jar:]
2023-06-26 21:33:50 at org.glassfish.jersey.internal.Errors.process(Errors.java:297)[jersey-common-2.25.1.jar:]
2023-06-26 21:33:50 at org.glassfish.jersey.internal.Errors.process(Errors.java:267)[jersey-common-2.25.1.jar:]
2023-06-26 21:33:50 at org.glassfish.jersey.process.internal.RequestScope.runInScope(RequestScope.java:317)[jersey-common-2.25.1.jar:]
2023-06-26 21:33:50 at org.glassfish.jersey.server.ServerRuntime.process(ServerRuntime.java:305)[jersey-server-2.25.1.jar:]
2023-06-26 21:33:50 at org.glassfish.jersey.server.ApplicationHandler.handle(ApplicationHandler.java:1154)[jersey-server-2.25.1.jar:]
2023-06-26 21:33:50 at org.glassfish.jersey.servlet.WebComponent.serviceImpl(WebComponent.java:473)[jersey-container-servlet-core-2.25.1.jar:]
2023-06-26 21:33:50 at org.glassfish.jersey.servlet.WebComponent.service(WebComponent.java:427)[jersey-container-servlet-core-2.25.1.jar:]
2023-06-26 21:33:50 at org.glassfish.jersey.servlet.ServletContainer.service(ServletContainer.java:388)[jersey-container-servlet-core-2.25.1.jar:]
2023-06-26 21:33:50 at org.glassfish.jersey.servlet.ServletContainer.service(ServletContainer.java:341)[jersey-container-servlet-core-2.25.1.jar:]
2023-06-26 21:33:50 at org.glassfish.jersey.servlet.ServletContainer.service(ServletContainer.java:228)[jersey-container-servlet-core-2.25.1.jar:]
2023-06-26 21:33:50 at org.eclipse.jetty.servlet.ServletHolder$NotAsync.service(ServletHolder.java:1443)
2023-06-26 21:33:50 at org.eclipse.jetty.servlet.ServletHolder.handle(ServletHolder.java:791)
2023-06-26 21:33:50 at org.eclipse.jetty.servlet.ServletHandler.doHandle(ServletHandler.java:550)
2023-06-26 21:33:50 at org.eclipse.jetty.server.handler.ScopedHandler.handle(ScopedHandler.java:143)
2023-06-26 21:33:50 at org.eclipse.jetty.security.SecurityHandler.handle(SecurityHandler.java:602)
2023-06-26 21:33:50 at org.eclipse.jetty.server.handler.HandlerWrapper.handle(HandlerWrapper.java:127)
2023-06-26 21:33:50 at org.eclipse.jetty.server.handler.ScopedHandler.nextHandle(ScopedHandler.java:235)
2023-06-26 21:33:50 at org.eclipse.jetty.server.session.SessionHandler.doHandle(SessionHandler.java:1624)
2023-06-26 21:33:50 at org.eclipse.jetty.server.handler.ScopedHandler.nextHandle(ScopedHandler.java:233)
2023-06-26 21:33:50 at org.eclipse.jetty.server.handler.ContextHandler.doHandle(ContextHandler.java:1435)
2023-06-26 21:33:50 at org.eclipse.jetty.server.handler.ScopedHandler.nextScope(ScopedHandler.java:188)
2023-06-26 21:33:50 at org.eclipse.jetty.servlet.ServletHandler.doScope(ServletHandler.java:501)
2023-06-26 21:33:50 at org.eclipse.jetty.server.session.SessionHandler.doScope(SessionHandler.java:1594)
2023-06-26 21:33:50 at org.eclipse.jetty.server.handler.ScopedHandler.nextScope(ScopedHandler.java:186)
2023-06-26 21:33:50 at org.eclipse.jetty.server.handler.ContextHandler.doScope(ContextHandler.java:1350)
2023-06-26 21:33:50 at org.eclipse.jetty.server.handler.ScopedHandler.handle(ScopedHandler.java:141)
2023-06-26 21:33:50 at org.eclipse.jetty.server.handler.ContextHandlerCollection.handle(ContextHandlerCollection.java:191)
2023-06-26 21:33:50 at org.eclipse.jetty.server.handler.HandlerCollection.handle(HandlerCollection.java:146)
2023-06-26 21:33:50 at org.eclipse.jetty.server.handler.HandlerWrapper.handle(HandlerWrapper.java:127)
2023-06-26 21:33:50 at org.eclipse.jetty.server.Server.handle(Server.java:516)
2023-06-26 21:33:50 at org.eclipse.jetty.server.HttpChannel.lambda$handle$1(HttpChannel.java:388)
2023-06-26 21:33:50 at org.eclipse.jetty.server.HttpChannel.dispatch(HttpChannel.java:633)
2023-06-26 21:33:50 at org.eclipse.jetty.server.HttpChannel.handle(HttpChannel.java:380)
2023-06-26 21:33:50 at org.eclipse.jetty.server.HttpConnection.onFillable(HttpConnection.java:273)
2023-06-26 21:33:50 at org.eclipse.jetty.io.AbstractConnection$ReadCallback.succeeded(AbstractConnection.java:311)
2023-06-26 21:33:50 at org.eclipse.jetty.io.FillInterest.fillable(FillInterest.java:105)
2023-06-26 21:33:50 at org.eclipse.jetty.io.ChannelEndPoint$1.run(ChannelEndPoint.java:104)
2023-06-26 21:33:50 at org.eclipse.jetty.util.thread.strategy.EatWhatYouKill.runTask(EatWhatYouKill.java:336)
2023-06-26 21:33:50 at org.eclipse.jetty.util.thread.strategy.EatWhatYouKill.doProduce(EatWhatYouKill.java:313)
2023-06-26 21:33:50 at org.eclipse.jetty.util.thread.strategy.EatWhatYouKill.tryProduce(EatWhatYouKill.java:171)
2023-06-26 21:33:50 at org.eclipse.jetty.util.thread.strategy.EatWhatYouKill.run(EatWhatYouKill.java:129)
2023-06-26 21:33:50 at org.eclipse.jetty.util.thread.ReservedThreadExecutor$ReservedThread.run(ReservedThreadExecutor.java:375)
2023-06-26 21:33:50 at org.eclipse.jetty.util.thread.QueuedThreadPool.runJob(QueuedThreadPool.java:773)
2023-06-26 21:33:50 at org.eclipse.jetty.util.thread.QueuedThreadPool$Runner.run(QueuedThreadPool.java:905)
2023-06-26 21:33:50 at java.lang.Thread.run(Thread.java:748)[:1.8.0_212]
2023-06-26 21:39:28 Jun 26, 2023 7:39:28 PM com.hazelcast.cp.internal.session.RaftSessionService
2023-06-26 21:39:28 INFO: [127.0.0.1]:5903 [dev] [5.0.2] Created new session: 2 in CPGroupId{name='sequencer-null', seed=0, groupId=127} for SERVER -> [127.0.0.1]:5903
2023-06-26 21:39:28 2023-06-26 19:39:28,967 [qtp815033865-21               ] WARN  ExceptionHandler               - Exception has occurred for user null : null
2023-06-26 21:39:28 java.lang.NullPointerException
2023-06-26 21:39:28 at com.testquack.services.BaseService.userCanReadProject(BaseService.java:146)[services-1.21.jar:]
2023-06-26 21:39:28 at com.testquack.services.BaseService.userCanUpdateProject(BaseService.java:131)[services-1.21.jar:]
2023-06-26 21:39:28 at com.testquack.services.BaseService.userCanCreate(BaseService.java:163)[services-1.21.jar:]
2023-06-26 21:39:28 at com.testquack.services.ProjectService.userCanCreate(ProjectService.java:79)[services-1.21.jar:]
2023-06-26 21:39:28 at com.testquack.services.ProjectService.userCanCreate(ProjectService.java:21)[services-1.21.jar:]
2023-06-26 21:39:28 at com.testquack.services.BaseService.create(BaseService.java:214)[services-1.21.jar:]
2023-06-26 21:39:28 at com.testquack.services.ProjectService.createProject(ProjectService.java:51)[services-1.21.jar:]
2023-06-26 21:39:28 at com.testquack.api.resources.ProjectResource.create(ProjectResource.java:64)[file:/tmp/jetty-0_0_0_0-8080-quack_war-_-any-2745177511468114105/webapp/WEB-INF/classes/:]
2023-06-26 21:39:28 at sun.reflect.NativeMethodAccessorImpl.invoke0(Native Method)[:1.8.0_212]
2023-06-26 21:39:28 at sun.reflect.NativeMethodAccessorImpl.invoke(NativeMethodAccessorImpl.java:62)[:1.8.0_212]
2023-06-26 21:39:28 at sun.reflect.DelegatingMethodAccessorImpl.invoke(DelegatingMethodAccessorImpl.java:43)[:1.8.0_212]
2023-06-26 21:39:28 at java.lang.reflect.Method.invoke(Method.java:498)[:1.8.0_212]
2023-06-26 21:39:28 at org.glassfish.jersey.server.model.internal.ResourceMethodInvocationHandlerFactory$1.invoke(ResourceMethodInvocationHandlerFactory.java:81)[jersey-server-2.25.1.jar:]
2023-06-26 21:39:28 at org.glassfish.jersey.server.model.internal.AbstractJavaResourceMethodDispatcher$1.run(AbstractJavaResourceMethodDispatcher.java:144)[jersey-server-2.25.1.jar:]
2023-06-26 21:39:28 at org.glassfish.jersey.server.model.internal.AbstractJavaResourceMethodDispatcher.invoke(AbstractJavaResourceMethodDispatcher.java:161)[jersey-server-2.25.1.jar:]
2023-06-26 21:39:28 at org.glassfish.jersey.server.model.internal.JavaResourceMethodDispatcherProvider$TypeOutInvoker.doDispatch(JavaResourceMethodDispatcherProvider.java:205)[jersey-server-2.25.1.jar:]
2023-06-26 21:39:28 at org.glassfish.jersey.server.model.internal.AbstractJavaResourceMethodDispatcher.dispatch(AbstractJavaResourceMethodDispatcher.java:99)[jersey-server-2.25.1.jar:]
2023-06-26 21:39:28 at org.glassfish.jersey.server.model.ResourceMethodInvoker.invoke(ResourceMethodInvoker.java:389)[jersey-server-2.25.1.jar:]
2023-06-26 21:39:28 at org.glassfish.jersey.server.model.ResourceMethodInvoker.apply(ResourceMethodInvoker.java:347)[jersey-server-2.25.1.jar:]
2023-06-26 21:39:28 at org.glassfish.jersey.server.model.ResourceMethodInvoker.apply(ResourceMethodInvoker.java:102)[jersey-server-2.25.1.jar:]
2023-06-26 21:39:28 at org.glassfish.jersey.server.ServerRuntime$2.run(ServerRuntime.java:326)[jersey-server-2.25.1.jar:]
2023-06-26 21:39:28 at org.glassfish.jersey.internal.Errors$1.call(Errors.java:271)[jersey-common-2.25.1.jar:]
2023-06-26 21:39:28 at org.glassfish.jersey.internal.Errors$1.call(Errors.java:267)[jersey-common-2.25.1.jar:]
2023-06-26 21:39:28 at org.glassfish.jersey.internal.Errors.process(Errors.java:315)[jersey-common-2.25.1.jar:]
2023-06-26 21:39:28 at org.glassfish.jersey.internal.Errors.process(Errors.java:297)[jersey-common-2.25.1.jar:]
2023-06-26 21:39:28 at org.glassfish.jersey.internal.Errors.process(Errors.java:267)[jersey-common-2.25.1.jar:]
2023-06-26 21:39:28 at org.glassfish.jersey.process.internal.RequestScope.runInScope(RequestScope.java:317)[jersey-common-2.25.1.jar:]
2023-06-26 21:39:28 at org.glassfish.jersey.server.ServerRuntime.process(ServerRuntime.java:305)[jersey-server-2.25.1.jar:]
2023-06-26 21:39:28 at org.glassfish.jersey.server.ApplicationHandler.handle(ApplicationHandler.java:1154)[jersey-server-2.25.1.jar:]
2023-06-26 21:39:28 at org.glassfish.jersey.servlet.WebComponent.serviceImpl(WebComponent.java:473)[jersey-container-servlet-core-2.25.1.jar:]
2023-06-26 21:39:28 at org.glassfish.jersey.servlet.WebComponent.service(WebComponent.java:427)[jersey-container-servlet-core-2.25.1.jar:]
2023-06-26 21:39:28 at org.glassfish.jersey.servlet.ServletContainer.service(ServletContainer.java:388)[jersey-container-servlet-core-2.25.1.jar:]
2023-06-26 21:39:28 at org.glassfish.jersey.servlet.ServletContainer.service(ServletContainer.java:341)[jersey-container-servlet-core-2.25.1.jar:]
2023-06-26 21:39:28 at org.glassfish.jersey.servlet.ServletContainer.service(ServletContainer.java:228)[jersey-container-servlet-core-2.25.1.jar:]
2023-06-26 21:39:28 at org.eclipse.jetty.servlet.ServletHolder$NotAsync.service(ServletHolder.java:1443)
2023-06-26 21:39:28 at org.eclipse.jetty.servlet.ServletHolder.handle(ServletHolder.java:791)
2023-06-26 21:39:28 at org.eclipse.jetty.servlet.ServletHandler.doHandle(ServletHandler.java:550)
2023-06-26 21:39:28 at org.eclipse.jetty.server.handler.ScopedHandler.handle(ScopedHandler.java:143)
2023-06-26 21:39:28 at org.eclipse.jetty.security.SecurityHandler.handle(SecurityHandler.java:602)
2023-06-26 21:39:28 at org.eclipse.jetty.server.handler.HandlerWrapper.handle(HandlerWrapper.java:127)
2023-06-26 21:39:28 at org.eclipse.jetty.server.handler.ScopedHandler.nextHandle(ScopedHandler.java:235)
2023-06-26 21:39:28 at org.eclipse.jetty.server.session.SessionHandler.doHandle(SessionHandler.java:1624)
2023-06-26 21:39:28 at org.eclipse.jetty.server.handler.ScopedHandler.nextHandle(ScopedHandler.java:233)
2023-06-26 21:39:28 at org.eclipse.jetty.server.handler.ContextHandler.doHandle(ContextHandler.java:1435)
2023-06-26 21:39:28 at org.eclipse.jetty.server.handler.ScopedHandler.nextScope(ScopedHandler.java:188)
2023-06-26 21:39:28 at org.eclipse.jetty.servlet.ServletHandler.doScope(ServletHandler.java:501)
2023-06-26 21:39:28 at org.eclipse.jetty.server.session.SessionHandler.doScope(SessionHandler.java:1594)
2023-06-26 21:39:28 at org.eclipse.jetty.server.handler.ScopedHandler.nextScope(ScopedHandler.java:186)
2023-06-26 21:39:28 at org.eclipse.jetty.server.handler.ContextHandler.doScope(ContextHandler.java:1350)
2023-06-26 21:39:28 at org.eclipse.jetty.server.handler.ScopedHandler.handle(ScopedHandler.java:141)
2023-06-26 21:39:28 at org.eclipse.jetty.server.handler.ContextHandlerCollection.handle(ContextHandlerCollection.java:191)
2023-06-26 21:39:28 at org.eclipse.jetty.server.handler.HandlerCollection.handle(HandlerCollection.java:146)
2023-06-26 21:39:28 at org.eclipse.jetty.server.handler.HandlerWrapper.handle(HandlerWrapper.java:127)
2023-06-26 21:39:28 at org.eclipse.jetty.server.Server.handle(Server.java:516)
2023-06-26 21:39:28 at org.eclipse.jetty.server.HttpChannel.lambda$handle$1(HttpChannel.java:388)
2023-06-26 21:39:28 at org.eclipse.jetty.server.HttpChannel.dispatch(HttpChannel.java:633)
2023-06-26 21:39:28 at org.eclipse.jetty.server.HttpChannel.handle(HttpChannel.java:380)
2023-06-26 21:39:28 at org.eclipse.jetty.server.HttpConnection.onFillable(HttpConnection.java:273)
2023-06-26 21:39:28 at org.eclipse.jetty.io.AbstractConnection$ReadCallback.succeeded(AbstractConnection.java:311)
2023-06-26 21:39:28 at org.eclipse.jetty.io.FillInterest.fillable(FillInterest.java:105)
2023-06-26 21:39:28 at org.eclipse.jetty.io.ChannelEndPoint$1.run(ChannelEndPoint.java:104)
2023-06-26 21:39:28 at org.eclipse.jetty.util.thread.QueuedThreadPool.runJob(QueuedThreadPool.java:773)
2023-06-26 21:39:28 at org.eclipse.jetty.util.thread.QueuedThreadPool$Runner.run(QueuedThreadPool.java:905)
2023-06-26 21:39:28 at java.lang.Thread.run(Thread.java:748)[:1.8.0_212]
